<?xml version="1.0" encoding="UTF-8"?>
<!-- Generated by org.testng.reporters.JUnitReportReporter -->
<testsuite hostname="SHIFAT" failures="0" tests="4" name="api.test.UserTests2" time="9.468" errors="0" timestamp="2023-08-11T01:05:32 BDT" skipped="0">
  <testcase classname="api.test.UserTests2" name="testPostUser" time="2.618"/>
  <system-out/>
  <testcase classname="api.test.UserTests2" name="testGetUserByName" time="2.141"/>
  <system-out/>
  <testcase classname="api.test.UserTests2" name="testUpdateUserByName" time="3.172"/>
  <system-out/>
  <testcase classname="api.test.UserTests2" name="testDeleteUserByName" time="1.537"/>
  <system-out/>
</testsuite> <!-- api.test.UserTests2 -->
