<?xml version="1.0" encoding="UTF-8"?>
<!-- Generated by org.testng.reporters.JUnitReportReporter -->
<testsuite hostname="SHIFAT" failures="0" tests="4" name="api.test.UserTests" time="12.473" errors="0" timestamp="2023-08-11T01:05:32 BDT" skipped="0">
  <testcase classname="api.test.UserTests" name="testPostUser" time="4.774"/>
  <system-out/>
  <testcase classname="api.test.UserTests" name="testGetUserByName" time="1.815"/>
  <system-out/>
  <testcase classname="api.test.UserTests" name="testUpdateUserByName" time="3.259"/>
  <system-out/>
  <testcase classname="api.test.UserTests" name="testDeleteUserByName" time="2.625"/>
  <system-out/>
</testsuite> <!-- api.test.UserTests -->
