<?xml version="1.0" encoding="UTF-8"?>
<!-- Generated by org.testng.reporters.JUnitReportReporter -->
<testsuite hostname="SHIFAT" failures="0" tests="6" name="api.test.DDTests" time="9.721" errors="0" timestamp="2023-08-11T01:05:32 BDT" skipped="0">
  <testcase classname="api.test.DDTests" name="testPostuser" time="1.707"/>
  <system-out/>
  <testcase classname="api.test.DDTests" name="testPostuser" time="1.632"/>
  <system-out/>
  <testcase classname="api.test.DDTests" name="testPostuser" time="1.634"/>
  <system-out/>
  <testcase classname="api.test.DDTests" name="testDeleteUserByName" time="1.441"/>
  <system-out/>
  <testcase classname="api.test.DDTests" name="testDeleteUserByName" time="1.804"/>
  <system-out/>
  <testcase classname="api.test.DDTests" name="testDeleteUserByName" time="1.503"/>
  <system-out/>
</testsuite> <!-- api.test.DDTests -->
